[sun-stroy.com.ua/index.html]
[backblue.gif]
[fade.gif]
[index.html]
[thb.tildacdn.one/tild6333-3263-4633-b637-663336666137/-/resize/504x/ce5f1b92e66b8a78a2b6.jpg]
[static.tildacdn.one/tild3362-6633-4234-b834-333334616333/SAN-STROY__32_32.png]
[static.tildacdn.one/tild6463-3034-4265-a430-386135636238/favicon-152x152.png]
[static.tildacdn.one/tild3562-6439-4964-b662-356438656530/favicon-270x270.png]
[neo.tildacdn.com/js/tilda-fallback-1.0.min.js]
[static.tildacdn.one/css/tilda-grid-3.0.min.css]
[static.tildacdn.one/ws/project1566659/tilda-blocks-page7109093.min00e0.css]
[static.tildacdn.one/css/tilda-animation-2.0.min.css]
[static.tildacdn.one/css/tilda-cover-1.0.min.css]
[static.tildacdn.one/css/tilda-popup-1.1.min.css]
[static.tildacdn.one/css/tilda-forms-1.0.min.css]
[static.tildacdn.one/css/tilda-cards-1.0.min.css]
[static.tildacdn.one/css/tilda-slds-1.4.min.css]
[static.tildacdn.one/css/tilda-zoom-2.0.min.css]
[static.tildacdn.one/js/tilda-polyfill-1.0.min.js]
[static.tildacdn.one/js/jquery-1.10.2.min.js]
[static.tildacdn.one/js/tilda-scripts-3.0.min.js]
[static.tildacdn.one/ws/project1566659/tilda-blocks-page7109093.min00e0.js]
[static.tildacdn.one/js/tilda-lazyload-1.0.min.js]
[static.tildacdn.one/js/tilda-animation-2.0.min.js]
[static.tildacdn.one/js/tilda-cover-1.0.min.js]
[static.tildacdn.one/js/tilda-popup-1.0.min.js]
[static.tildacdn.one/js/tilda-forms-1.0.min.js]
[static.tildacdn.one/js/tilda-cards-1.0.min.js]
[static.tildacdn.one/js/tilda-slds-1.4.min.js]
[static.tildacdn.one/js/hammer.min.js]
[static.tildacdn.one/js/tilda-menu-1.0.min.js]
[static.tildacdn.one/js/tilda-submenublocks-1.0.min.js]
[static.tildacdn.one/js/tilda-zoom-2.0.min.js]
[static.tildacdn.one/js/tilda-skiplink-1.0.min.js]
[static.tildacdn.one/js/tilda-events-1.0.min.js]
[sun-stroy.com.ua/price.html]
[sun-stroy.com.ua/portfolio.html]
[sun-stroy.com.ua/about.html]
[sun-stroy.com.ua/contacts.html]
[sun-stroy.com.ua/ua.html]
[sun-stroy.com.ua/shtukaturka-sten.html]
[sun-stroy.com.ua/shtukaturka-potolka.html]
[sun-stroy.com.ua/styazhka-pola.html]
[sun-stroy.com.ua/ukladka-plitki.html]
[sun-stroy.com.ua/malyarnye-raboty.html]
[sun-stroy.com.ua/dizayn-interera.html]
[sun-stroy.com.ua/kompleksniy-remont.html]
[sun-stroy.com.ua/mashinnaya-styazhka-pola.html]
[thb.tildacdn.one/tild6333-3263-4633-b637-663336666137/-/resize/20x/ce5f1b92e66b8a78a2b6.jpg]
[static.tildacdn.one/tild6333-3263-4633-b637-663336666137/ce5f1b92e66b8a78a2b6.jpg]
[thb.tildacdn.one/tild3330-3263-4131-b462-643432626331/-/resizeb/20x/wall-plastering-mach.jpg]
[static.tildacdn.one/tild3661-3261-4339-b835-303938656466/wall-plastering-mach.jpg]
[thb.tildacdn.one/tild3661-3261-4339-b835-303938656466/-/resizeb/20x/wall-plastering-mach.jpg]
[static.tildacdn.one/tild3632-3364-4331-b039-313866313130/wall-plastering-mach.jpg]
[thb.tildacdn.one/tild3632-3364-4331-b039-313866313130/-/resizeb/20x/wall-plastering-mach.jpg]
[static.tildacdn.one/tild3965-6434-4062-b564-633136316634/shtukaturka_img_3.jpg]
[thb.tildacdn.one/tild3965-6434-4062-b564-633136316634/-/resizeb/20x/shtukaturka_img_3.jpg]
[static.tildacdn.one/tild3736-3435-4264-b730-376666343564/shtukaturka_img_4.jpg]
[thb.tildacdn.one/tild3736-3435-4264-b730-376666343564/-/resizeb/20x/shtukaturka_img_4.jpg]
[static.tildacdn.one/tild3838-6433-4235-b034-306466356265/mashinna-shtukaturka.jpg]
[thb.tildacdn.one/tild3838-6433-4235-b034-306466356265/-/resizeb/20x/mashinna-shtukaturka.jpg]
[static.tildacdn.one/tild6233-3661-4464-b237-346134383631/mashinna-shtukaturka.jpg]
[thb.tildacdn.one/tild6233-3661-4464-b237-346134383631/-/resizeb/20x/mashinna-shtukaturka.jpg]
[static.tildacdn.one/tild3236-3330-4236-a662-393539653836/mashinna-shtukaturka.jpg]
[thb.tildacdn.one/tild3236-3330-4236-a662-393539653836/-/resizeb/20x/mashinna-shtukaturka.jpg]
[static.tildacdn.one/tild6330-6636-4864-a533-646333353333/mashinna-shtukaturka.jpg]
[thb.tildacdn.one/tild6330-6636-4864-a533-646333353333/-/resizeb/20x/mashinna-shtukaturka.jpg]
[static.tildacdn.one/tild6462-3035-4434-b933-363036646262/mashinna-shtukaturka.jpg]
[thb.tildacdn.one/tild6462-3035-4434-b933-363036646262/-/resizeb/20x/mashinna-shtukaturka.jpg]
[static.tildacdn.one/tild6239-3961-4030-a337-653066313633/mashinna-shtukaturka.jpg]
[thb.tildacdn.one/tild6239-3961-4030-a337-653066313633/-/resizeb/20x/mashinna-shtukaturka.jpg]
[static.tildacdn.one/tild3665-3465-4534-b365-666262656539/pft-mixing-pump-g4.png]
[thb.tildacdn.one/tild3665-3465-4534-b365-666262656539/-/resizeb/20x/pft-mixing-pump-g4.png]
[static.tildacdn.one/tild6138-3037-4463-b335-313232363634/pft-mixing-pump-g5.png]
[thb.tildacdn.one/tild6138-3037-4463-b335-313232363634/-/resizeb/20x/pft-mixing-pump-g5.png]
[static.tildacdn.one/tild6230-3337-4564-b630-373262383030/baumit-mpi-25.png]
[thb.tildacdn.one/tild6230-3337-4564-b630-373262383030/-/resizeb/20x/baumit-mpi-25.png]
[static.tildacdn.one/tild3838-3934-4335-b730-383238353364/knauf-mp-75.png]
[thb.tildacdn.one/tild3838-3934-4335-b730-383238353364/-/resizeb/20x/knauf-mp-75.png]
[thb.tildacdn.one/tild3630-3931-4964-a333-616164383437/-/resize/20x/estimates.jpg]
[static.tildacdn.one/tild3630-3931-4964-a333-616164383437/estimates.jpg]
[thb.tildacdn.one/tild3138-3637-4337-b737-626361396465/-/empty/plaster-render-mixin.png]
[static.tildacdn.one/tild3138-3637-4337-b737-626361396465/plaster-render-mixin.jpg]
[thb.tildacdn.one/tild3034-3131-4437-b630-313064306432/-/empty/mashinnaya-shtukatur.png]
[static.tildacdn.one/tild3034-3131-4437-b630-313064306432/mashinnaya-shtukatur.jpg]
[thb.tildacdn.one/tild3366-6261-4332-a162-666363313539/-/empty/internal-plastering-.png]
[static.tildacdn.one/tild3366-6261-4332-a162-666363313539/internal-plastering-.jpg]
[thb.tildacdn.one/tild3839-3638-4439-b639-353364653339/-/empty/mechanized-plaster.png]
[static.tildacdn.one/tild3839-3638-4439-b639-353364653339/mechanized-plaster.jpg]
[static.tildacdn.one/tild3032-3331-4738-b332-616533393865/ce5f1b92e66b8a78a2b6.jpg]
[thb.tildacdn.one/tild3032-3331-4738-b332-616533393865/-/resizeb/20x/ce5f1b92e66b8a78a2b6.jpg]
[www.google-analytics.com/analytics.js]
[sun-stroy.com.ua/index.html]
[static.tildacdn.one/css/tilda-grid-3.0.min.css]
[static.tildacdn.one/ws/project1566659/tilda-blocks-page7109093.min00e0.css]
[static.tildacdn.one/css/tilda-animation-2.0.min.css]
[static.tildacdn.one/css/tilda-cover-1.0.min.css]
[static.tildacdn.one/css/tilda-popup-1.1.min.css]
[static.tildacdn.one/css/tilda-forms-1.0.min.css]
[static.tildacdn.one/css/tilda-cards-1.0.min.css]
[static.tildacdn.one/css/tilda-slds-1.4.min.css]
[static.tildacdn.one/css/tilda-zoom-2.0.min.css]
[www.googletagmanager.com/gtm5445.html]
[static.tildacdn.one/js/tilda-stat-1.0.min.js]
[static.tildacdn.com/tild3066-6438-4434-b530-643937353133/-/resize/504x/estimate-repair-cost.jpg]
[static.tildacdn.com/tild6463-3034-4265-a430-386135636238/favicon-152x152.png]
[static.tildacdn.com/tild3562-6439-4964-b662-356438656530/favicon-270x270.png]
[static.tildacdn.com/css/tilda-grid-3.0.min.css]
[sun-stroy.com.ua/tilda-blocks-page7325109.mind729.css]
[static.tildacdn.com/css/tilda-cover-1.0.min.css]
[static.tildacdn.com/css/tilda-forms-1.0.min.css]
[static.tildacdn.com/js/tilda-polyfill-1.0.min.js]
[static.tildacdn.com/js/jquery-1.10.2.min.js]
[static.tildacdn.com/js/tilda-scripts-3.0.min.js]
[sun-stroy.com.ua/tilda-blocks-page7325109.mind729.js]
[static.tildacdn.com/js/tilda-lazyload-1.0.min.js]
[static.tildacdn.com/js/tilda-menu-1.0.min.js]
[static.tildacdn.com/js/tilda-submenublocks-1.0.min.js]
[static.tildacdn.com/js/tilda-cover-1.0.min.js]
[static.tildacdn.com/js/tilda-t431-table-1.0.min.js]
[static.tildacdn.com/js/tilda-forms-1.0.min.js]
[static.tildacdn.com/js/tilda-skiplink-1.0.min.js]
[static.tildacdn.com/js/tilda-events-1.0.min.js]
[sun-stroy.com.ua/ua/price.html]
[static.tildacdn.com/tild3066-6438-4434-b530-643937353133/-/resize/20x/estimate-repair-cost.jpg]
[static.tildacdn.com/tild3066-6438-4434-b530-643937353133/estimate-repair-cost.jpg]
[sun-stroy.com.ua/price.html]
[static.tildacdn.com/js/tilda-stat-1.0.min.js]
[static.tildacdn.com/tild3436-3636-4461-a430-343432303362/-/resize/504x/plaster-img-4.jpg]
[sun-stroy.com.ua/tilda-blocks-page7260231.min9552.css]
[static.tildacdn.com/css/tilda-slds-1.4.min.css]
[static.tildacdn.com/css/tilda-zoom-2.0.min.css]
[sun-stroy.com.ua/tilda-blocks-page7260231.min9552.js]
[static.tildacdn.com/js/tilda-slds-1.4.min.js]
[static.tildacdn.com/js/hammer.min.js]
[static.tildacdn.com/js/tilda-zoom-2.0.min.js]
[sun-stroy.com.ua/ua/portfolio.html]
[static.tildacdn.com/tild3436-3636-4461-a430-343432303362/-/resize/20x/plaster-img-4.jpg]
[static.tildacdn.com/tild3436-3636-4461-a430-343432303362/plaster-img-4.jpg]
[static.tildacdn.com/tild3166-6235-4363-a663-643239336439/machine-plastering-e.jpg]
[static.tildacdn.com/tild3166-6235-4363-a663-643239336439/-/resizeb/20x/machine-plastering-e.jpg]
[static.tildacdn.com/tild3764-3932-4861-a262-343437383937/machine-plastering-e.jpg]
[static.tildacdn.com/tild3764-3932-4861-a262-343437383937/-/resizeb/20x/machine-plastering-e.jpg]
[static.tildacdn.com/tild3333-3263-4536-a233-396539343533/machine-plastering-e.jpg]
[static.tildacdn.com/tild3333-3263-4536-a233-396539343533/-/resizeb/20x/machine-plastering-e.jpg]
[static.tildacdn.com/tild6237-3462-4565-b566-633132323833/machine-plastering-e.jpg]
[static.tildacdn.com/tild6237-3462-4565-b566-633132323833/-/resizeb/20x/machine-plastering-e.jpg]
[static.tildacdn.com/tild3436-6636-4531-b832-383734373264/machine-plastering-e.jpg]
[static.tildacdn.com/tild3436-6636-4531-b832-383734373264/-/resizeb/20x/machine-plastering-e.jpg]
[static.tildacdn.com/tild3966-3935-4339-a166-326461396663/machine-plastering-e.jpg]
[static.tildacdn.com/tild3966-3935-4339-a166-326461396663/-/resizeb/20x/machine-plastering-e.jpg]
[static.tildacdn.com/tild3532-3065-4536-a563-663834313836/machine-plastering-e.jpg]
[static.tildacdn.com/tild3532-3065-4536-a563-663834313836/-/resizeb/20x/machine-plastering-e.jpg]
[static.tildacdn.com/tild6132-3234-4061-b039-666232313361/machine-plastering-e.jpg]
[static.tildacdn.com/tild6132-3234-4061-b039-666232313361/-/resizeb/20x/machine-plastering-e.jpg]
[static.tildacdn.com/tild6438-6639-4362-a262-643239323838/concrete-pouring-roo.jpg]
[static.tildacdn.com/tild6438-6639-4362-a262-643239323838/-/resizeb/20x/concrete-pouring-roo.jpg]
[static.tildacdn.com/tild6538-6436-4165-b634-393665393366/installation-underfl.jpg]
[static.tildacdn.com/tild6538-6436-4165-b634-393665393366/-/resizeb/20x/installation-underfl.jpg]
[static.tildacdn.com/tild3235-3462-4338-a433-373466313563/concrete-pouring.jpg]
[static.tildacdn.com/tild3235-3462-4338-a433-373466313563/-/resizeb/20x/concrete-pouring.jpg]
[static.tildacdn.com/tild3239-3933-4266-b037-633637366539/concrete-pouring-roo.jpg]
[static.tildacdn.com/tild3239-3933-4266-b037-633637366539/-/resizeb/20x/concrete-pouring-roo.jpg]
[static.tildacdn.com/tild3837-6336-4334-b035-383835326665/2023-03-31_211120.jpg]
[static.tildacdn.com/tild3837-6336-4334-b035-383835326665/-/resizeb/20x/2023-03-31_211120.jpg]
[static.tildacdn.com/tild6535-3734-4465-b261-336432373634/2023-03-31_211121.jpg]
[static.tildacdn.com/tild6535-3734-4465-b261-336432373634/-/resizeb/20x/2023-03-31_211121.jpg]
[static.tildacdn.com/tild3062-3835-4766-b334-343666373334/2023-03-31_211123.jpg]
[static.tildacdn.com/tild3062-3835-4766-b334-343666373334/-/resizeb/20x/2023-03-31_211123.jpg]
[static.tildacdn.com/tild6439-6535-4535-a561-353134616435/2023-03-31_211125.jpg]
[static.tildacdn.com/tild6439-6535-4535-a561-353134616435/-/resizeb/20x/2023-03-31_211125.jpg]
[static.tildacdn.com/tild6132-3864-4666-b663-666535613466/2023-03-31_211113.jpg]
[static.tildacdn.com/tild6132-3864-4666-b663-666535613466/-/resizeb/20x/2023-03-31_211113.jpg]
[static.tildacdn.com/tild3337-3266-4661-a135-393861633239/2023-03-31_211115.jpg]
[static.tildacdn.com/tild3337-3266-4661-a135-393861633239/-/resizeb/20x/2023-03-31_211115.jpg]
[static.tildacdn.com/tild3433-3534-4238-a631-343165356239/2023-03-31_211116.jpg]
[static.tildacdn.com/tild3433-3534-4238-a631-343165356239/-/resizeb/20x/2023-03-31_211116.jpg]
[static.tildacdn.com/tild3036-6261-4539-b164-306437366331/2023-03-31_211101.jpg]
[static.tildacdn.com/tild3036-6261-4539-b164-306437366331/-/resizeb/20x/2023-03-31_211101.jpg]
[static.tildacdn.com/tild6234-6339-4866-b131-653032333335/2023-03-31_211103.jpg]
[static.tildacdn.com/tild6234-6339-4866-b131-653032333335/-/resizeb/20x/2023-03-31_211103.jpg]
[static.tildacdn.com/tild3563-3462-4437-b563-633664633362/2023-03-31_211105.jpg]
[static.tildacdn.com/tild3563-3462-4437-b563-633664633362/-/resizeb/20x/2023-03-31_211105.jpg]
[static.tildacdn.com/tild3762-6264-4661-a666-353164306635/2023-03-31_211118.jpg]
[static.tildacdn.com/tild3762-6264-4661-a666-353164306635/-/resizeb/20x/2023-03-31_211118.jpg]
[static.tildacdn.com/tild3135-6464-4035-a133-316439623463/2023-03-31_211107.jpg]
[static.tildacdn.com/tild3135-6464-4035-a133-316439623463/-/resizeb/20x/2023-03-31_211107.jpg]
[static.tildacdn.com/tild3837-3532-4139-b537-613737393839/2023-03-31_211109.jpg]
[static.tildacdn.com/tild3837-3532-4139-b537-613737393839/-/resizeb/20x/2023-03-31_211109.jpg]
[static.tildacdn.com/tild3937-3362-4932-b162-383935623334/2023-03-31_211111.jpg]
[static.tildacdn.com/tild3937-3362-4932-b162-383935623334/-/resizeb/20x/2023-03-31_211111.jpg]
[static.tildacdn.com/tild6464-6566-4233-a137-616439343864/2023-03-31_211052.jpg]
[static.tildacdn.com/tild6464-6566-4233-a137-616439343864/-/resizeb/20x/2023-03-31_211052.jpg]
[static.tildacdn.com/tild3963-6638-4834-b833-643964353464/2023-03-31_211059.jpg]
[static.tildacdn.com/tild3963-6638-4834-b833-643964353464/-/resizeb/20x/2023-03-31_211059.jpg]
[static.tildacdn.com/tild3239-3162-4737-b237-383531333665/2023-03-31_211034.jpg]
[static.tildacdn.com/tild3239-3162-4737-b237-383531333665/-/resizeb/20x/2023-03-31_211034.jpg]
[static.tildacdn.com/tild6562-3237-4734-a563-643534346565/0-02-05-58cfa7116f36.jpg]
[static.tildacdn.com/tild6562-3237-4734-a563-643534346565/-/resizeb/20x/0-02-05-58cfa7116f36.jpg]
[static.tildacdn.com/tild6132-3962-4231-b134-333139653064/0-02-05-3eb6dae0b940.jpg]
[static.tildacdn.com/tild6132-3962-4231-b134-333139653064/-/resizeb/20x/0-02-05-3eb6dae0b940.jpg]
[static.tildacdn.com/tild6538-3866-4564-a365-376538326634/0-02-05-0fffb00a653a.jpg]
[static.tildacdn.com/tild6538-3866-4564-a365-376538326634/-/resizeb/20x/0-02-05-0fffb00a653a.jpg]
[static.tildacdn.com/tild6135-3930-4834-b665-656265326461/0-02-05-a3222ebfbd2d.jpg]
[static.tildacdn.com/tild6135-3930-4834-b665-656265326461/-/resizeb/20x/0-02-05-a3222ebfbd2d.jpg]
[static.tildacdn.com/tild3431-3138-4438-a161-616336396532/0-02-05-5a7e1bec7c5d.jpg]
[static.tildacdn.com/tild3431-3138-4438-a161-616336396532/-/resizeb/20x/0-02-05-5a7e1bec7c5d.jpg]
[static.tildacdn.com/tild6230-6137-4337-b738-666566343766/0-02-05-2a61873370aa.jpg]
[static.tildacdn.com/tild6230-6137-4337-b738-666566343766/-/resizeb/20x/0-02-05-2a61873370aa.jpg]
[static.tildacdn.com/tild3730-3832-4533-b638-656534376338/0-02-05-8429102c431b.jpg]
[static.tildacdn.com/tild3730-3832-4533-b638-656534376338/-/resizeb/20x/0-02-05-8429102c431b.jpg]
[static.tildacdn.com/tild6338-3932-4366-b736-373937393839/0-02-05-9cb0b00e5f2d.jpg]
[static.tildacdn.com/tild6338-3932-4366-b736-373937393839/-/resizeb/20x/0-02-05-9cb0b00e5f2d.jpg]
[static.tildacdn.com/tild3438-3338-4663-a465-653364636234/0-02-05-148df075d91a.jpg]
[static.tildacdn.com/tild3438-3338-4663-a465-653364636234/-/resizeb/20x/0-02-05-148df075d91a.jpg]
[static.tildacdn.com/tild3237-3539-4662-a665-383534376131/0-02-05-911dd5b7621b.jpg]
[static.tildacdn.com/tild3237-3539-4662-a665-383534376131/-/resizeb/20x/0-02-05-911dd5b7621b.jpg]
[static.tildacdn.com/tild3335-3038-4335-b862-376135666539/0-02-05-191359890cad.jpg]
[static.tildacdn.com/tild3335-3038-4335-b862-376135666539/-/resizeb/20x/0-02-05-191359890cad.jpg]
[static.tildacdn.com/tild6234-3533-4233-a666-656634386433/0-02-05-7f9fe01851a9.jpg]
[static.tildacdn.com/tild6234-3533-4233-a666-656634386433/-/resizeb/20x/0-02-05-7f9fe01851a9.jpg]
[static.tildacdn.com/tild3965-3839-4836-a364-363037613430/0-02-05-ff71a2d741a0.jpg]
[static.tildacdn.com/tild3965-3839-4836-a364-363037613430/-/resizeb/20x/0-02-05-ff71a2d741a0.jpg]
[static.tildacdn.com/tild6639-3336-4531-a236-313661356533/0-02-05-e2f45723135e.jpg]
[static.tildacdn.com/tild6639-3336-4531-a236-313661356533/-/resizeb/20x/0-02-05-e2f45723135e.jpg]
[static.tildacdn.com/tild6163-3963-4065-b838-313136633632/0-02-05-3f4f402d32c7.jpg]
[static.tildacdn.com/tild6163-3963-4065-b838-313136633632/-/resizeb/20x/0-02-05-3f4f402d32c7.jpg]
[static.tildacdn.com/tild6232-3531-4339-b930-316635646136/0-02-05-7682a542cc91.jpg]
[static.tildacdn.com/tild6232-3531-4339-b930-316635646136/-/resizeb/20x/0-02-05-7682a542cc91.jpg]
[static.tildacdn.com/tild3034-6230-4235-a564-643232633338/0-02-05-7469bc9703db.jpg]
[static.tildacdn.com/tild3034-6230-4235-a564-643232633338/-/resizeb/20x/0-02-05-7469bc9703db.jpg]
[static.tildacdn.com/tild6439-3533-4237-b630-316461343261/0-02-05-dd4686081d61.jpg]
[static.tildacdn.com/tild6439-3533-4237-b630-316461343261/-/resizeb/20x/0-02-05-dd4686081d61.jpg]
[static.tildacdn.com/tild3838-6431-4637-a439-613139353330/0-02-05-c659637da840.jpg]
[static.tildacdn.com/tild3838-6431-4637-a439-613139353330/-/resizeb/20x/0-02-05-c659637da840.jpg]
[static.tildacdn.com/tild6536-6539-4262-b635-316665656230/0-02-05-d3434a21d624.jpg]
[static.tildacdn.com/tild6536-6539-4262-b635-316665656230/-/resizeb/20x/0-02-05-d3434a21d624.jpg]
[static.tildacdn.com/tild3136-3034-4038-a565-363363653733/0-02-05-6d67ebd461a9.jpg]
[static.tildacdn.com/tild3136-3034-4038-a565-363363653733/-/resizeb/20x/0-02-05-6d67ebd461a9.jpg]
[static.tildacdn.com/tild3335-3535-4735-a332-616335326334/0-02-05-8b7e33eed37e.jpg]
[static.tildacdn.com/tild3335-3535-4735-a332-616335326334/-/resizeb/20x/0-02-05-8b7e33eed37e.jpg]
[static.tildacdn.com/tild6135-3561-4262-b462-303566316139/0-02-05-2426fb6bf660.jpg]
[static.tildacdn.com/tild6135-3561-4262-b462-303566316139/-/resizeb/20x/0-02-05-2426fb6bf660.jpg]
[static.tildacdn.com/tild6630-3034-4265-b430-396530663833/0-02-05-f0563f5868bd.jpg]
[static.tildacdn.com/tild6630-3034-4265-b430-396530663833/-/resizeb/20x/0-02-05-f0563f5868bd.jpg]
[static.tildacdn.com/tild3437-6464-4663-b761-316661336663/0-02-05-366dfd02a2c2.jpg]
[static.tildacdn.com/tild3437-6464-4663-b761-316661336663/-/resizeb/20x/0-02-05-366dfd02a2c2.jpg]
[static.tildacdn.com/tild6233-6463-4365-b263-663166346466/0-02-05-2989b561cd4a.jpg]
[static.tildacdn.com/tild6233-6463-4365-b263-663166346466/-/resizeb/20x/0-02-05-2989b561cd4a.jpg]
[static.tildacdn.com/tild6364-6465-4739-a636-666661306130/0-02-05-581604d28b95.jpg]
[static.tildacdn.com/tild6364-6465-4739-a636-666661306130/-/resizeb/20x/0-02-05-581604d28b95.jpg]
[static.tildacdn.com/tild3539-3966-4233-a562-626466316431/0-02-05-45486a97a5c1.jpg]
[static.tildacdn.com/tild3539-3966-4233-a562-626466316431/-/resizeb/20x/0-02-05-45486a97a5c1.jpg]
[static.tildacdn.com/tild3839-6566-4735-b636-653030396131/0-02-05-60acd020f3ba.jpg]
[static.tildacdn.com/tild3839-6566-4735-b636-653030396131/-/resizeb/20x/0-02-05-60acd020f3ba.jpg]
[static.tildacdn.com/tild3037-6433-4433-b739-663333633965/0-02-05-278fec1841e6.jpg]
[static.tildacdn.com/tild3037-6433-4433-b739-663333633965/-/resizeb/20x/0-02-05-278fec1841e6.jpg]
[static.tildacdn.com/tild6330-3131-4663-b639-373665383535/0-02-05-824f5c596567.jpg]
[static.tildacdn.com/tild6330-3131-4663-b639-373665383535/-/resizeb/20x/0-02-05-824f5c596567.jpg]
[static.tildacdn.com/tild6630-3161-4836-a430-346632393863/0-02-05-01a67d08df0e.jpg]
[static.tildacdn.com/tild6630-3161-4836-a430-346632393863/-/resizeb/20x/0-02-05-01a67d08df0e.jpg]
[static.tildacdn.com/tild3830-3166-4930-a363-613264396139/0-02-05-03ff709cc259.jpg]
[static.tildacdn.com/tild3830-3166-4930-a363-613264396139/-/resizeb/20x/0-02-05-03ff709cc259.jpg]
[static.tildacdn.com/tild3536-6432-4731-b136-383238336539/0-02-05-7141ebcd91c6.jpg]
[static.tildacdn.com/tild3536-6432-4731-b136-383238336539/-/resizeb/20x/0-02-05-7141ebcd91c6.jpg]
[static.tildacdn.com/tild3039-3663-4239-b034-353965323066/0-02-05-5432a5e8d054.jpg]
[static.tildacdn.com/tild3039-3663-4239-b034-353965323066/-/resizeb/20x/0-02-05-5432a5e8d054.jpg]
[static.tildacdn.com/tild3732-3034-4961-b561-336633396637/0-02-05-c8143879b89b.jpg]
[static.tildacdn.com/tild3732-3034-4961-b561-336633396637/-/resizeb/20x/0-02-05-c8143879b89b.jpg]
[static.tildacdn.com/tild6631-3264-4463-b762-653061623239/0-02-05-bcf765e50bc9.jpg]
[static.tildacdn.com/tild6631-3264-4463-b762-653061623239/-/resizeb/20x/0-02-05-bcf765e50bc9.jpg]
[static.tildacdn.com/tild3365-6530-4533-a463-386261363463/0-02-05-5b8cb4b00647.jpg]
[static.tildacdn.com/tild3365-6530-4533-a463-386261363463/-/resizeb/20x/0-02-05-5b8cb4b00647.jpg]
[static.tildacdn.com/tild6633-3031-4962-a336-363764623261/0-02-05-5342207bddce.jpg]
[static.tildacdn.com/tild6633-3031-4962-a336-363764623261/-/resizeb/20x/0-02-05-5342207bddce.jpg]
[static.tildacdn.com/tild3837-3537-4236-a264-623861363936/0-02-05-8af469227223.jpg]
[static.tildacdn.com/tild3837-3537-4236-a264-623861363936/-/resizeb/20x/0-02-05-8af469227223.jpg]
[static.tildacdn.com/tild3832-3838-4431-a431-303364356465/0-02-05-4a5a23656835.jpg]
[static.tildacdn.com/tild3832-3838-4431-a431-303364356465/-/resizeb/20x/0-02-05-4a5a23656835.jpg]
[static.tildacdn.com/tild3666-3038-4837-b366-336461636166/0-02-05-824f5c596567.jpg]
[static.tildacdn.com/tild3666-3038-4837-b366-336461636166/-/resizeb/20x/0-02-05-824f5c596567.jpg]
[static.tildacdn.com/tild3761-6161-4336-b730-663635656630/0-02-05-a81bd30c7283.jpg]
[static.tildacdn.com/tild3761-6161-4336-b730-663635656630/-/resizeb/20x/0-02-05-a81bd30c7283.jpg]
[static.tildacdn.com/tild3862-6266-4233-b536-666430323765/0-02-05-16e0bed174f0.jpg]
[static.tildacdn.com/tild3862-6266-4233-b536-666430323765/-/resizeb/20x/0-02-05-16e0bed174f0.jpg]
[static.tildacdn.com/tild3963-6162-4436-b236-373562316230/0-02-05-27bc3ef07490.jpg]
[static.tildacdn.com/tild3963-6162-4436-b236-373562316230/-/resizeb/20x/0-02-05-27bc3ef07490.jpg]
[static.tildacdn.com/tild3263-3834-4139-a264-356237653937/0-02-05-83812358de6c.jpg]
[static.tildacdn.com/tild3263-3834-4139-a264-356237653937/-/resizeb/20x/0-02-05-83812358de6c.jpg]
[static.tildacdn.com/tild3337-3733-4335-a537-616465393433/0-02-05-824f5c596567.jpg]
[static.tildacdn.com/tild3337-3733-4335-a537-616465393433/-/resizeb/20x/0-02-05-824f5c596567.jpg]
[static.tildacdn.com/tild3465-6366-4665-a665-663731313932/0-02-05-e1c5317e53b5.jpg]
[static.tildacdn.com/tild3465-6366-4665-a665-663731313932/-/resizeb/20x/0-02-05-e1c5317e53b5.jpg]
[static.tildacdn.com/tild3162-3632-4635-b335-323538623534/0-02-05-298cb199d9cb.jpg]
[static.tildacdn.com/tild3162-3632-4635-b335-323538623534/-/resizeb/20x/0-02-05-298cb199d9cb.jpg]
[static.tildacdn.com/tild3739-3038-4463-b865-313339326331/0-02-05-298cb199d9cb.jpg]
[static.tildacdn.com/tild3739-3038-4463-b865-313339326331/-/resizeb/20x/0-02-05-298cb199d9cb.jpg]
[sun-stroy.com.ua/portfolio.html]
[static.tildacdn.com/tild6634-3730-4235-a636-393438343862/-/resize/504x/about-company.jpg]
[sun-stroy.com.ua/tilda-blocks-page7250005.minbbbf.css]
[static.tildacdn.com/css/tilda-cards-1.0.min.css]
[sun-stroy.com.ua/tilda-blocks-page7250005.minbbbf.js]
[static.tildacdn.com/js/tilda-cards-1.0.min.js]
[sun-stroy.com.ua/ua/about.html]
[static.tildacdn.com/tild6634-3730-4235-a636-393438343862/-/resize/20x/about-company.jpg]
[static.tildacdn.com/tild6634-3730-4235-a636-393438343862/about-company.jpg]
[static.tildacdn.com/tild3635-3063-4335-a533-333031653438/-/empty/pft-logo.png]
[static.tildacdn.com/tild3635-3063-4335-a533-333031653438/pft-logo.png]
[static.tildacdn.com/tild3037-3065-4331-b938-353939626261/-/empty/knauf-logo.png]
[static.tildacdn.com/tild3037-3065-4331-b938-353939626261/knauf-logo.png]
[static.tildacdn.com/tild3430-3135-4035-b665-613834346562/-/empty/baumit-logo.png]
[static.tildacdn.com/tild3430-3135-4035-b665-613834346562/baumit-logo.png]
[static.tildacdn.com/tild6230-3439-4865-b963-663738366134/-/empty/bosch-logo.png]
[static.tildacdn.com/tild6230-3439-4865-b963-663738366134/bosch-logo.png]
[static.tildacdn.com/tild6665-3662-4562-a665-306237376531/-/empty/makita-logo.png]
[static.tildacdn.com/tild6665-3662-4562-a665-306237376531/makita-logo.png]
[static.tildacdn.com/tild3439-3930-4966-b430-616539396131/-/empty/slowik-logo.png]
[static.tildacdn.com/tild3439-3930-4966-b430-616539396131/slowik-logo.png]
[sun-stroy.com.ua/about.html]
[static.tildacdn.com/tild3331-6331-4566-b165-663538393236/-/resize/504x/calculate-measuremen.jpg]
[sun-stroy.com.ua/tilda-blocks-2.14f53b.css]
[static.tildacdn.com/css/tilda-animation-1.0.min.css]
[static.tildacdn.com/css/tilda-menusub-1.0.min.css]
[sun-stroy.com.ua/tilda-blocks-2.7f53b.js]
[static.tildacdn.com/js/lazyload-1.3.min.js]
[static.tildacdn.com/js/tilda-animation-1.0.min.js]
[static.tildacdn.com/js/tilda-menusub-1.0.min.js]
[sun-stroy.com.ua/ua/contacts.html]
[static.tildacdn.com/tild3331-6331-4566-b165-663538393236/-/resize/20x/calculate-measuremen.jpg]
[sun-stroy.com.ua/contacts.html]
[static.tildacdn.one/ws/project1566659/tilda-blocks-page9167496.min01d1.css]
[static.tildacdn.one/ws/project1566659/tilda-blocks-page9167496.min01d1.js]
[sun-stroy.com.ua/ua/shtukaturka-sten.html]
[sun-stroy.com.ua/ua/shtukaturka-potolka.html]
[sun-stroy.com.ua/ua/styazhka-pola.html]
[sun-stroy.com.ua/ua/ukladka-plitki.html]
[sun-stroy.com.ua/ua/malyarnye-raboty.html]
[sun-stroy.com.ua/ua/dizayn-interera.html]
[sun-stroy.com.ua/ua.html]
[sun-stroy.com.ua/ua/kompleksniy-remont.html]
[static.tildacdn.com/tild3934-6630-4538-b065-376233386438/-/resize/504x/k46jj04884l261015_2.jpg]
[sun-stroy.com.ua/tilda-blocks-page9025581.minc3e4.css]
[static.tildacdn.com/css/tilda-animation-2.0.min.css]
[sun-stroy.com.ua/tilda-blocks-page9025581.minc3e4.js]
[static.tildacdn.com/js/tilda-animation-2.0.min.js]
[static.tildacdn.com/js/tilda-map-1.0.min.js]
[static.tildacdn.com/tild3934-6630-4538-b065-376233386438/-/resize/20x/k46jj04884l261015_2.jpg]
[static.tildacdn.com/tild3934-6630-4538-b065-376233386438/k46jj04884l261015_2.jpg]
[sun-stroy.com.ua/shtukaturka-sten.html]
[static.tildacdn.com/tild3834-3332-4563-b139-353930396337/-/resize/504x/ceiling-plastering-m.jpg]
[sun-stroy.com.ua/tilda-blocks-page7629831.mindf21.css]
[static.tildacdn.com/css/tilda-popup-1.1.min.css]
[sun-stroy.com.ua/tilda-blocks-page7629831.mindf21.js]
[static.tildacdn.com/js/tilda-popup-1.0.min.js]
[static.tildacdn.com/tild3834-3332-4563-b139-353930396337/-/resize/20x/ceiling-plastering-m.jpg]
[static.tildacdn.com/tild3834-3332-4563-b139-353930396337/ceiling-plastering-m.jpg]
[sun-stroy.com.ua/shtukaturka-potolka.html]
[static.tildacdn.com/tild3665-3038-4335-a437-623632616339/-/resize/504x/floor-screed.jpg]
[sun-stroy.com.ua/tilda-blocks-page7622620.min7be5.css]
[sun-stroy.com.ua/tilda-blocks-page7622620.min7be5.js]
[static.tildacdn.com/tild3665-3038-4335-a437-623632616339/-/resize/20x/floor-screed.jpg]
[static.tildacdn.com/tild3665-3038-4335-a437-623632616339/floor-screed.jpg]
[static.tildacdn.com/tild3039-6165-4832-a165-373638333031/concrete-pouring-roo.jpg]
[static.tildacdn.com/tild3039-6165-4832-a165-373638333031/-/resizeb/20x/concrete-pouring-roo.jpg]
[static.tildacdn.com/tild3735-3736-4337-a637-363865303938/installation-underfl.jpg]
[static.tildacdn.com/tild3735-3736-4337-a637-363865303938/-/resizeb/20x/installation-underfl.jpg]
[static.tildacdn.com/tild6563-6563-4462-b735-306130333737/floor-screed.jpg]
[static.tildacdn.com/tild6563-6563-4462-b735-306130333737/-/resizeb/20x/floor-screed.jpg]
[static.tildacdn.com/tild6137-6136-4333-b532-386166386436/concrete-pouring-roo.jpg]
[static.tildacdn.com/tild6137-6136-4333-b532-386166386436/-/resizeb/20x/concrete-pouring-roo.jpg]
[sun-stroy.com.ua/styazhka-pola.html]
[static.tildacdn.com/tild6631-6663-4331-a463-623437613165/-/resize/504x/laying-tiles.jpg]
[sun-stroy.com.ua/tilda-blocks-page7368983.minc9c1.css]
[sun-stroy.com.ua/tilda-blocks-page7368983.minc9c1.js]
[static.tildacdn.com/tild6631-6663-4331-a463-623437613165/-/resize/20x/laying-tiles.jpg]
[static.tildacdn.com/tild6631-6663-4331-a463-623437613165/laying-tiles.jpg]
[sun-stroy.com.ua/ukladka-plitki.html]
[static.tildacdn.com/tild3531-3362-4466-b534-646566303036/-/resize/504x/painting-work.jpg]
[sun-stroy.com.ua/tilda-blocks-page7384713.mincb0b.css]
[sun-stroy.com.ua/tilda-blocks-page7384713.mincb0b.js]
[static.tildacdn.com/tild3531-3362-4466-b534-646566303036/-/resize/20x/painting-work.jpg]
[static.tildacdn.com/tild3531-3362-4466-b534-646566303036/painting-work.jpg]
[sun-stroy.com.ua/malyarnye-raboty.html]
[static.tildacdn.com/tild3535-3533-4133-b536-373261386564/-/resize/504x/interior-disigner.jpg]
[sun-stroy.com.ua/tilda-blocks-page7382894.minc40f.css]
[sun-stroy.com.ua/tilda-blocks-page7382894.minc40f.js]
[static.tildacdn.com/tild3535-3533-4133-b536-373261386564/-/resize/20x/interior-disigner.jpg]
[static.tildacdn.com/tild3535-3533-4133-b536-373261386564/interior-disigner.jpg]
[sun-stroy.com.ua/dizayn-interera.html]
[static.tildacdn.com/tild3133-3931-4431-b239-613330643837/-/resize/504x/apartment_and_house_.jpg]
[sun-stroy.com.ua/tilda-blocks-page7386875.minf270.css]
[sun-stroy.com.ua/tilda-blocks-page7386875.minf270.js]
[static.tildacdn.com/tild3133-3931-4431-b239-613330643837/-/resize/20x/apartment_and_house_.jpg]
[static.tildacdn.com/tild3133-3931-4431-b239-613330643837/apartment_and_house_.jpg]
[sun-stroy.com.ua/kompleksniy-remont.html]
[sun-stroy.com.ua/tilda-blocks-page17468139.min5d0a.css]
[sun-stroy.com.ua/tilda-blocks-page17468139.min5d0a.js]
[sun-stroy.com.ua/mashinnaya-styazhka-pola.html]
[static.tildacdn.com/css/tilda-grid-3.0.min.css]
[sun-stroy.com.ua/tilda-blocks-page7325109.mind729.css]
[static.tildacdn.com/css/tilda-cover-1.0.min.css]
[static.tildacdn.com/css/tilda-forms-1.0.min.css]
[sun-stroy.com.ua/tilda-blocks-page9178969.minf10d.css]
[sun-stroy.com.ua/tilda-blocks-page9178969.minf10d.js]
[sun-stroy.com.ua/ua/price.html]
[sun-stroy.com.ua/tilda-blocks-page7260231.min9552.css]
[static.tildacdn.com/css/tilda-slds-1.4.min.css]
[static.tildacdn.com/css/tilda-zoom-2.0.min.css]
[sun-stroy.com.ua/tilda-blocks-page9178874.minfdda.css]
[sun-stroy.com.ua/tilda-blocks-page9178874.minfdda.js]
[static.tildacdn.com/tild6664-3931-4036-a363-626233666363/2023-03-31_211120.jpg]
[static.tildacdn.com/tild6664-3931-4036-a363-626233666363/-/resizeb/20x/2023-03-31_211120.jpg]
[static.tildacdn.com/tild3631-6633-4639-a137-616138326333/2023-03-31_211121.jpg]
[static.tildacdn.com/tild3631-6633-4639-a137-616138326333/-/resizeb/20x/2023-03-31_211121.jpg]
[static.tildacdn.com/tild3831-6663-4561-b461-393061633963/2023-03-31_211123.jpg]
[static.tildacdn.com/tild3831-6663-4561-b461-393061633963/-/resizeb/20x/2023-03-31_211123.jpg]
[static.tildacdn.com/tild3937-6437-4366-a165-656563303066/2023-03-31_211125.jpg]
[static.tildacdn.com/tild3937-6437-4366-a165-656563303066/-/resizeb/20x/2023-03-31_211125.jpg]
[static.tildacdn.com/tild3037-6161-4363-b361-386331613434/2023-03-31_211113.jpg]
[static.tildacdn.com/tild3037-6161-4363-b361-386331613434/-/resizeb/20x/2023-03-31_211113.jpg]
[static.tildacdn.com/tild6131-6637-4637-a635-366532356261/2023-03-31_211115.jpg]
[static.tildacdn.com/tild6131-6637-4637-a635-366532356261/-/resizeb/20x/2023-03-31_211115.jpg]
[static.tildacdn.com/tild3434-3766-4239-a436-633339323635/2023-03-31_211116.jpg]
[static.tildacdn.com/tild3434-3766-4239-a436-633339323635/-/resizeb/20x/2023-03-31_211116.jpg]
[static.tildacdn.com/tild3038-3533-4664-a162-616661653266/2023-03-31_211101.jpg]
[static.tildacdn.com/tild3038-3533-4664-a162-616661653266/-/resizeb/20x/2023-03-31_211101.jpg]
[static.tildacdn.com/tild3537-6337-4530-b566-616539636134/2023-03-31_211103.jpg]
[static.tildacdn.com/tild3537-6337-4530-b566-616539636134/-/resizeb/20x/2023-03-31_211103.jpg]
[static.tildacdn.com/tild3164-3830-4932-b362-303061653966/2023-03-31_211105.jpg]
[static.tildacdn.com/tild3164-3830-4932-b362-303061653966/-/resizeb/20x/2023-03-31_211105.jpg]
[static.tildacdn.com/tild6138-6330-4265-a432-353831343333/2023-03-31_211118.jpg]
[static.tildacdn.com/tild6138-6330-4265-a432-353831343333/-/resizeb/20x/2023-03-31_211118.jpg]
[static.tildacdn.com/tild3564-3432-4232-b362-653438626161/2023-03-31_211107.jpg]
[static.tildacdn.com/tild3564-3432-4232-b362-653438626161/-/resizeb/20x/2023-03-31_211107.jpg]
[static.tildacdn.com/tild3735-3762-4634-a634-656565353463/2023-03-31_211109.jpg]
[static.tildacdn.com/tild3735-3762-4634-a634-656565353463/-/resizeb/20x/2023-03-31_211109.jpg]
[static.tildacdn.com/tild6534-3532-4631-a434-333730363334/2023-03-31_211111.jpg]
[static.tildacdn.com/tild6534-3532-4631-a434-333730363334/-/resizeb/20x/2023-03-31_211111.jpg]
[static.tildacdn.com/tild6132-6131-4564-a633-383763393239/2023-03-31_211052.jpg]
[static.tildacdn.com/tild6132-6131-4564-a633-383763393239/-/resizeb/20x/2023-03-31_211052.jpg]
[static.tildacdn.com/tild3132-3961-4139-b832-366638653863/2023-03-31_211059.jpg]
[static.tildacdn.com/tild3132-3961-4139-b832-366638653863/-/resizeb/20x/2023-03-31_211059.jpg]
[static.tildacdn.com/tild3962-3339-4032-b361-663462336563/2023-03-31_211034.jpg]
[static.tildacdn.com/tild3962-3339-4032-b361-663462336563/-/resizeb/20x/2023-03-31_211034.jpg]
[static.tildacdn.com/tild6138-3439-4638-a362-663663666463/0-02-05-58cfa7116f36.jpg]
[static.tildacdn.com/tild6138-3439-4638-a362-663663666463/-/resizeb/20x/0-02-05-58cfa7116f36.jpg]
[static.tildacdn.com/tild6334-3734-4364-b639-353761643733/0-02-05-3eb6dae0b940.jpg]
[static.tildacdn.com/tild6334-3734-4364-b639-353761643733/-/resizeb/20x/0-02-05-3eb6dae0b940.jpg]
[static.tildacdn.com/tild3031-3132-4564-a333-663933366136/0-02-05-0fffb00a653a.jpg]
[static.tildacdn.com/tild3031-3132-4564-a333-663933366136/-/resizeb/20x/0-02-05-0fffb00a653a.jpg]
[static.tildacdn.com/tild6635-3864-4063-b433-323936623831/0-02-05-a3222ebfbd2d.jpg]
[static.tildacdn.com/tild6635-3864-4063-b433-323936623831/-/resizeb/20x/0-02-05-a3222ebfbd2d.jpg]
[static.tildacdn.com/tild6333-6364-4937-b631-386534346163/0-02-05-5a7e1bec7c5d.jpg]
[static.tildacdn.com/tild6333-6364-4937-b631-386534346163/-/resizeb/20x/0-02-05-5a7e1bec7c5d.jpg]
[static.tildacdn.com/tild6137-3561-4438-a662-383662313264/0-02-05-2a61873370aa.jpg]
[static.tildacdn.com/tild6137-3561-4438-a662-383662313264/-/resizeb/20x/0-02-05-2a61873370aa.jpg]
[static.tildacdn.com/tild3134-3939-4764-b535-356530653134/0-02-05-8429102c431b.jpg]
[static.tildacdn.com/tild3134-3939-4764-b535-356530653134/-/resizeb/20x/0-02-05-8429102c431b.jpg]
[static.tildacdn.com/tild3261-6166-4566-a230-383535306335/0-02-05-9cb0b00e5f2d.jpg]
[static.tildacdn.com/tild3261-6166-4566-a230-383535306335/-/resizeb/20x/0-02-05-9cb0b00e5f2d.jpg]
[static.tildacdn.com/tild3638-6265-4865-b962-313132333464/0-02-05-148df075d91a.jpg]
[static.tildacdn.com/tild3638-6265-4865-b962-313132333464/-/resizeb/20x/0-02-05-148df075d91a.jpg]
[static.tildacdn.com/tild3961-6539-4466-a537-613839323830/0-02-05-911dd5b7621b.jpg]
[static.tildacdn.com/tild3961-6539-4466-a537-613839323830/-/resizeb/20x/0-02-05-911dd5b7621b.jpg]
[static.tildacdn.com/tild3661-6633-4037-b961-356437663930/0-02-05-191359890cad.jpg]
[static.tildacdn.com/tild3661-6633-4037-b961-356437663930/-/resizeb/20x/0-02-05-191359890cad.jpg]
[static.tildacdn.com/tild6539-3963-4764-b532-663531386239/0-02-05-7f9fe01851a9.jpg]
[static.tildacdn.com/tild6539-3963-4764-b532-663531386239/-/resizeb/20x/0-02-05-7f9fe01851a9.jpg]
[static.tildacdn.com/tild3132-3664-4534-a337-636461376636/0-02-05-ff71a2d741a0.jpg]
[static.tildacdn.com/tild3132-3664-4534-a337-636461376636/-/resizeb/20x/0-02-05-ff71a2d741a0.jpg]
[static.tildacdn.com/tild6435-3635-4637-b065-633966373936/0-02-05-e2f45723135e.jpg]
[static.tildacdn.com/tild6435-3635-4637-b065-633966373936/-/resizeb/20x/0-02-05-e2f45723135e.jpg]
[static.tildacdn.com/tild3062-6261-4435-b332-306661336230/0-02-05-3f4f402d32c7.jpg]
[static.tildacdn.com/tild3062-6261-4435-b332-306661336230/-/resizeb/20x/0-02-05-3f4f402d32c7.jpg]
[static.tildacdn.com/tild3765-6235-4861-b166-346332323465/0-02-05-7682a542cc91.jpg]
[static.tildacdn.com/tild3765-6235-4861-b166-346332323465/-/resizeb/20x/0-02-05-7682a542cc91.jpg]
[static.tildacdn.com/tild3136-6365-4239-b835-313333646531/0-02-05-7469bc9703db.jpg]
[static.tildacdn.com/tild3136-6365-4239-b835-313333646531/-/resizeb/20x/0-02-05-7469bc9703db.jpg]
[static.tildacdn.com/tild3739-3733-4865-b439-346163626139/0-02-05-dd4686081d61.jpg]
[static.tildacdn.com/tild3739-3733-4865-b439-346163626139/-/resizeb/20x/0-02-05-dd4686081d61.jpg]
[static.tildacdn.com/tild3135-3861-4732-b763-663736346461/0-02-05-c659637da840.jpg]
[static.tildacdn.com/tild3135-3861-4732-b763-663736346461/-/resizeb/20x/0-02-05-c659637da840.jpg]
[static.tildacdn.com/tild3230-6261-4135-b262-306131393838/0-02-05-d3434a21d624.jpg]
[static.tildacdn.com/tild3230-6261-4135-b262-306131393838/-/resizeb/20x/0-02-05-d3434a21d624.jpg]
[static.tildacdn.com/tild3230-6430-4433-a664-666266323437/0-02-05-6d67ebd461a9.jpg]
[static.tildacdn.com/tild3230-6430-4433-a664-666266323437/-/resizeb/20x/0-02-05-6d67ebd461a9.jpg]
[static.tildacdn.com/tild3332-6536-4331-b036-646234383036/0-02-05-8b7e33eed37e.jpg]
[static.tildacdn.com/tild3332-6536-4331-b036-646234383036/-/resizeb/20x/0-02-05-8b7e33eed37e.jpg]
[static.tildacdn.com/tild6334-6234-4437-b864-373964656265/0-02-05-2426fb6bf660.jpg]
[static.tildacdn.com/tild6334-6234-4437-b864-373964656265/-/resizeb/20x/0-02-05-2426fb6bf660.jpg]
[static.tildacdn.com/tild6331-3961-4562-b665-343036636131/0-02-05-f0563f5868bd.jpg]
[static.tildacdn.com/tild6331-3961-4562-b665-343036636131/-/resizeb/20x/0-02-05-f0563f5868bd.jpg]
[static.tildacdn.com/tild3137-3733-4630-a266-306630363465/0-02-05-366dfd02a2c2.jpg]
[static.tildacdn.com/tild3137-3733-4630-a266-306630363465/-/resizeb/20x/0-02-05-366dfd02a2c2.jpg]
[static.tildacdn.com/tild6562-3931-4633-b532-666639616135/0-02-05-2989b561cd4a.jpg]
[static.tildacdn.com/tild6562-3931-4633-b532-666639616135/-/resizeb/20x/0-02-05-2989b561cd4a.jpg]
[static.tildacdn.com/tild6366-3164-4065-b666-353235323362/0-02-05-581604d28b95.jpg]
[static.tildacdn.com/tild6366-3164-4065-b666-353235323362/-/resizeb/20x/0-02-05-581604d28b95.jpg]
[static.tildacdn.com/tild6462-3230-4364-b438-643138323263/0-02-05-45486a97a5c1.jpg]
[static.tildacdn.com/tild6462-3230-4364-b438-643138323263/-/resizeb/20x/0-02-05-45486a97a5c1.jpg]
[static.tildacdn.com/tild3665-6334-4132-b366-323466353933/0-02-05-60acd020f3ba.jpg]
[static.tildacdn.com/tild3665-6334-4132-b366-323466353933/-/resizeb/20x/0-02-05-60acd020f3ba.jpg]
[static.tildacdn.com/tild6533-3934-4462-b934-373462333938/0-02-05-278fec1841e6.jpg]
[static.tildacdn.com/tild6533-3934-4462-b934-373462333938/-/resizeb/20x/0-02-05-278fec1841e6.jpg]
[static.tildacdn.com/tild3532-3435-4630-a438-636535333437/0-02-05-824f5c596567.jpg]
[static.tildacdn.com/tild3532-3435-4630-a438-636535333437/-/resizeb/20x/0-02-05-824f5c596567.jpg]
[static.tildacdn.com/tild6532-3936-4733-b232-336464656166/0-02-05-01a67d08df0e.jpg]
[static.tildacdn.com/tild6532-3936-4733-b232-336464656166/-/resizeb/20x/0-02-05-01a67d08df0e.jpg]
[static.tildacdn.com/tild6361-3235-4062-b762-646533663931/0-02-05-03ff709cc259.jpg]
[static.tildacdn.com/tild6361-3235-4062-b762-646533663931/-/resizeb/20x/0-02-05-03ff709cc259.jpg]
[static.tildacdn.com/tild3035-6334-4261-b838-366533373138/0-02-05-7141ebcd91c6.jpg]
[static.tildacdn.com/tild3035-6334-4261-b838-366533373138/-/resizeb/20x/0-02-05-7141ebcd91c6.jpg]
[static.tildacdn.com/tild3531-3032-4734-a433-386635626532/0-02-05-5432a5e8d054.jpg]
[static.tildacdn.com/tild3531-3032-4734-a433-386635626532/-/resizeb/20x/0-02-05-5432a5e8d054.jpg]
[static.tildacdn.com/tild3130-6434-4364-b433-643631383135/0-02-05-c8143879b89b.jpg]
[static.tildacdn.com/tild3130-6434-4364-b433-643631383135/-/resizeb/20x/0-02-05-c8143879b89b.jpg]
[static.tildacdn.com/tild3966-3333-4536-b930-396634323038/0-02-05-bcf765e50bc9.jpg]
[static.tildacdn.com/tild3966-3333-4536-b930-396634323038/-/resizeb/20x/0-02-05-bcf765e50bc9.jpg]
[static.tildacdn.com/tild3662-6235-4433-a338-636235373363/0-02-05-5b8cb4b00647.jpg]
[static.tildacdn.com/tild3662-6235-4433-a338-636235373363/-/resizeb/20x/0-02-05-5b8cb4b00647.jpg]
[static.tildacdn.com/tild3630-6337-4561-a430-643534353863/0-02-05-5342207bddce.jpg]
[static.tildacdn.com/tild3630-6337-4561-a430-643534353863/-/resizeb/20x/0-02-05-5342207bddce.jpg]
[static.tildacdn.com/tild6636-3265-4339-a339-646466643065/0-02-05-8af469227223.jpg]
[static.tildacdn.com/tild6636-3265-4339-a339-646466643065/-/resizeb/20x/0-02-05-8af469227223.jpg]
[static.tildacdn.com/tild6561-6437-4361-a435-393332643134/0-02-05-4a5a23656835.jpg]
[static.tildacdn.com/tild6561-6437-4361-a435-393332643134/-/resizeb/20x/0-02-05-4a5a23656835.jpg]
[static.tildacdn.com/tild3837-3635-4661-b539-393764646634/0-02-05-824f5c596567.jpg]
[static.tildacdn.com/tild3837-3635-4661-b539-393764646634/-/resizeb/20x/0-02-05-824f5c596567.jpg]
[static.tildacdn.com/tild3437-3562-4338-b130-326261356161/0-02-05-a81bd30c7283.jpg]
[static.tildacdn.com/tild3437-3562-4338-b130-326261356161/-/resizeb/20x/0-02-05-a81bd30c7283.jpg]
[static.tildacdn.com/tild6139-6234-4133-a639-313931643862/0-02-05-16e0bed174f0.jpg]
[static.tildacdn.com/tild6139-6234-4133-a639-313931643862/-/resizeb/20x/0-02-05-16e0bed174f0.jpg]
[static.tildacdn.com/tild3336-3764-4237-b065-306365396566/0-02-05-27bc3ef07490.jpg]
[static.tildacdn.com/tild3336-3764-4237-b065-306365396566/-/resizeb/20x/0-02-05-27bc3ef07490.jpg]
[static.tildacdn.com/tild6263-3730-4566-b464-643137383033/0-02-05-83812358de6c.jpg]
[static.tildacdn.com/tild6263-3730-4566-b464-643137383033/-/resizeb/20x/0-02-05-83812358de6c.jpg]
[static.tildacdn.com/tild6262-3430-4765-b566-386363333561/0-02-05-824f5c596567.jpg]
[static.tildacdn.com/tild6262-3430-4765-b566-386363333561/-/resizeb/20x/0-02-05-824f5c596567.jpg]
[static.tildacdn.com/tild3663-3864-4162-a532-393530613736/0-02-05-e1c5317e53b5.jpg]
[static.tildacdn.com/tild3663-3864-4162-a532-393530613736/-/resizeb/20x/0-02-05-e1c5317e53b5.jpg]
[static.tildacdn.com/tild6566-6533-4263-b761-633631353031/0-02-05-298cb199d9cb.jpg]
[static.tildacdn.com/tild6566-6533-4263-b761-633631353031/-/resizeb/20x/0-02-05-298cb199d9cb.jpg]
[static.tildacdn.com/tild3739-3435-4433-b536-366132643631/0-02-05-298cb199d9cb.jpg]
[static.tildacdn.com/tild3739-3435-4433-b536-366132643631/-/resizeb/20x/0-02-05-298cb199d9cb.jpg]
[sun-stroy.com.ua/ua/portfolio.html]
[sun-stroy.com.ua/tilda-blocks-page7250005.minbbbf.css]
[static.tildacdn.com/css/tilda-cards-1.0.min.css]
[sun-stroy.com.ua/tilda-blocks-page9178453.mine128.css]
[sun-stroy.com.ua/ua/about.html]
[sun-stroy.com.ua/tilda-blocks-2.14f53b.css]
[static.tildacdn.com/css/tilda-animation-1.0.min.css]
[static.tildacdn.com/css/tilda-menusub-1.0.min.css]
[sun-stroy.com.ua/tilda-blocks-page9178453.mine128.js]
[sun-stroy.com.ua/tilda-blocks-page9177986.min5edc.css]
[sun-stroy.com.ua/tilda-blocks-page9177986.min5edc.js]
[static.tildacdn.com/tild3331-6331-4566-b165-663538393236/calculate-measuremen.jpg]
[sun-stroy.com.ua/ua/contacts.html]
[static.tildacdn.one/ws/project1566659/tilda-blocks-page9167496.min01d1.css]
[sun-stroy.com.ua/tilda-blocks-page35371771.min32aa.css]
[sun-stroy.com.ua/ua/shtukaturka-sten.html]
[sun-stroy.com.ua/tilda-blocks-page35371771.min32aa.js]
[sun-stroy.com.ua/tilda-blocks-page9184291.min5962.css]
[sun-stroy.com.ua/ua/shtukaturka-potolka.html]
[sun-stroy.com.ua/tilda-blocks-page9184291.min5962.js]
[sun-stroy.com.ua/tilda-blocks-page9183580.minca8f.css]
[sun-stroy.com.ua/ua/styazhka-pola.html]
[sun-stroy.com.ua/tilda-blocks-page9183580.minca8f.js]
[sun-stroy.com.ua/tilda-blocks-page9179519.minb801.css]
[sun-stroy.com.ua/tilda-blocks-page9179519.minb801.js]
[sun-stroy.com.ua/ua/ukladka-plitki.html]
[sun-stroy.com.ua/tilda-blocks-page9181990.mincb3c.css]
[sun-stroy.com.ua/tilda-blocks-page9181990.mincb3c.js]
[sun-stroy.com.ua/ua/malyarnye-raboty.html]
[sun-stroy.com.ua/tilda-blocks-page9182592.min1bdc.css]
[sun-stroy.com.ua/ua/dizayn-interera.html]
[sun-stroy.com.ua/tilda-blocks-page9182592.min1bdc.js]
[sun-stroy.com.ua/tilda-blocks-page9183062.min2d95.css]
[sun-stroy.com.ua/ua/kompleksniy-remont.html]
[sun-stroy.com.ua/tilda-blocks-page9183062.min2d95.js]
[sun-stroy.com.ua/tilda-blocks-page9025581.minc3e4.css]
[static.tildacdn.com/css/tilda-animation-2.0.min.css]
[sun-stroy.com.ua/tilda-blocks-page7629831.mindf21.css]
[static.tildacdn.com/css/tilda-popup-1.1.min.css]
[sun-stroy.com.ua/tilda-blocks-page7622620.min7be5.css]
[sun-stroy.com.ua/tilda-blocks-page7368983.minc9c1.css]
[sun-stroy.com.ua/tilda-blocks-page7384713.mincb0b.css]
[sun-stroy.com.ua/tilda-blocks-page7382894.minc40f.css]
[sun-stroy.com.ua/tilda-blocks-page7386875.minf270.css]
[sun-stroy.com.ua/tilda-blocks-page17468139.min5d0a.css]
[sun-stroy.com.ua/tilda-blocks-page9178969.minf10d.css]
[sun-stroy.com.ua/tilda-blocks-page9178874.minfdda.css]
[sun-stroy.com.ua/tilda-blocks-page9178453.mine128.css]
[sun-stroy.com.ua/tilda-blocks-page9177986.min5edc.css]
[sun-stroy.com.ua/tilda-blocks-page35371771.min32aa.css]
[sun-stroy.com.ua/tilda-blocks-page9184291.min5962.css]
[sun-stroy.com.ua/tilda-blocks-page9183580.minca8f.css]
[sun-stroy.com.ua/tilda-blocks-page9179519.minb801.css]
[sun-stroy.com.ua/tilda-blocks-page9181990.mincb3c.css]
[sun-stroy.com.ua/tilda-blocks-page9182592.min1bdc.css]
[sun-stroy.com.ua/tilda-blocks-page9183062.min2d95.css]
[mc.yandex.ru/metrika/tag.js]
